0 info it worked if it ends with ok
1 verbose cli [ '/usr/bin/node', '/usr/bin/npm', 'run', 'stylelint' ]
2 info using npm@3.5.2
3 info using node@v8.10.0
4 verbose run-script [ 'prestylelint', 'stylelint', 'poststylelint' ]
5 info lifecycle floral-blues@1.0.0~prestylelint: floral-blues@1.0.0
6 silly lifecycle floral-blues@1.0.0~prestylelint: no script for prestylelint, continuing
7 info lifecycle floral-blues@1.0.0~stylelint: floral-blues@1.0.0
8 verbose lifecycle floral-blues@1.0.0~stylelint: unsafe-perm in lifecycle true
9 verbose lifecycle floral-blues@1.0.0~stylelint: PATH: /usr/share/npm/bin/node-gyp-bin:/home/vladislav/Documents/Projects/floral-blues/node_modules/.bin:/usr/local/sbin:/usr/local/bin:/usr/sbin:/usr/bin:/sbin:/bin:/usr/games:/usr/local/games:/snap/bin
10 verbose lifecycle floral-blues@1.0.0~stylelint: CWD: /home/vladislav/Documents/Projects/floral-blues
11 silly lifecycle floral-blues@1.0.0~stylelint: Args: [ '-c', 'stylelint client/src/components/**/*.scss' ]
12 silly lifecycle floral-blues@1.0.0~stylelint: Returned: code: 2  signal: null
13 info lifecycle floral-blues@1.0.0~stylelint: Failed to exec stylelint script
14 verbose stack Error: floral-blues@1.0.0 stylelint: `stylelint client/src/components/**/*.scss`
14 verbose stack Exit status 2
14 verbose stack     at EventEmitter.<anonymous> (/usr/share/npm/lib/utils/lifecycle.js:232:16)
14 verbose stack     at emitTwo (events.js:126:13)
14 verbose stack     at EventEmitter.emit (events.js:214:7)
14 verbose stack     at ChildProcess.<anonymous> (/usr/share/npm/lib/utils/spawn.js:24:14)
14 verbose stack     at emitTwo (events.js:126:13)
14 verbose stack     at ChildProcess.emit (events.js:214:7)
14 verbose stack     at maybeClose (internal/child_process.js:925:16)
14 verbose stack     at Process.ChildProcess._handle.onexit (internal/child_process.js:209:5)
15 verbose pkgid floral-blues@1.0.0
16 verbose cwd /home/vladislav/Documents/Projects/floral-blues
17 error Linux 4.15.0-38-generic
18 error argv "/usr/bin/node" "/usr/bin/npm" "run" "stylelint"
19 error node v8.10.0
20 error npm  v3.5.2
21 error code ELIFECYCLE
22 error floral-blues@1.0.0 stylelint: `stylelint client/src/components/**/*.scss`
22 error Exit status 2
23 error Failed at the floral-blues@1.0.0 stylelint script 'stylelint client/src/components/**/*.scss'.
23 error Make sure you have the latest version of node.js and npm installed.
23 error If you do, this is most likely a problem with the floral-blues package,
23 error not with npm itself.
23 error Tell the author that this fails on your system:
23 error     stylelint client/src/components/**/*.scss
23 error You can get information on how to open an issue for this project with:
23 error     npm bugs floral-blues
23 error Or if that isn't available, you can get their info via:
23 error     npm owner ls floral-blues
23 error There is likely additional logging output above.
24 verbose exit [ 1, true ]
